<?xml version="1.0" encoding="UTF-8"?>
<!-- Generated by org.testng.reporters.JUnitReportReporter -->
<testsuite hostname="dhcp-10-40-4-144.brq.redhat.com" name="org.jboss.qe.dvqe.DummyTest" tests="1" failures="0" timestamp="3 Nov 2017 12:06:21 GMT" time="0.020" errors="0">
  <testcase name="test" time="0.020" classname="org.jboss.qe.dvqe.DummyTest"/>
</testsuite> <!-- org.jboss.qe.dvqe.DummyTest -->
